<object-stream>
<org.drools.audit.event.ActivationLogEvent>
  <type>4</type>
  <activationId>Hello World [1]</activationId>
  <rule>Hello World</rule>
  <declarations>message=Hello World(1); m=org.berlin.test.HelloWorldExample$Message@c2ee15(1)</declarations>
</org.drools.audit.event.ActivationLogEvent>
<org.drools.audit.event.ObjectLogEvent>
  <type>1</type>
  <factId>1</factId>
  <objectToString>org.berlin.test.HelloWorldExample$Message@c2ee15</objectToString>
</org.drools.audit.event.ObjectLogEvent>
<org.drools.audit.event.ActivationLogEvent>
  <type>6</type>
  <activationId>Hello World [1]</activationId>
  <rule>Hello World</rule>
  <declarations>message=Hello World(1); m=org.berlin.test.HelloWorldExample$Message@c2ee15(1)</declarations>
</org.drools.audit.event.ActivationLogEvent>
<org.drools.audit.event.ActivationLogEvent>
  <type>4</type>
  <activationId>Good Bye [1]</activationId>
  <rule>Good Bye</rule>
  <declarations>message=Goodbyte cruel world(1)</declarations>
</org.drools.audit.event.ActivationLogEvent>
<org.drools.audit.event.ObjectLogEvent>
  <type>2</type>
  <factId>1</factId>
  <objectToString>org.berlin.test.HelloWorldExample$Message@c2ee15</objectToString>
</org.drools.audit.event.ObjectLogEvent>
<org.drools.audit.event.ActivationLogEvent>
  <type>7</type>
  <activationId>Hello World [1]</activationId>
  <rule>Hello World</rule>
  <declarations>message=Goodbyte cruel world(1); m=org.berlin.test.HelloWorldExample$Message@c2ee15(1)</declarations>
</org.drools.audit.event.ActivationLogEvent>
<org.drools.audit.event.ActivationLogEvent>
  <type>6</type>
  <activationId>Good Bye [1]</activationId>
  <rule>Good Bye</rule>
  <declarations>message=Goodbyte cruel world(1)</declarations>
</org.drools.audit.event.ActivationLogEvent>
<org.drools.audit.event.ActivationLogEvent>
  <type>7</type>
  <activationId>Good Bye [1]</activationId>
  <rule>Good Bye</rule>
  <declarations>message=Goodbyte cruel world(1)</declarations>
</org.drools.audit.event.ActivationLogEvent>
</object-stream>